# JRE version: OpenJDK Runtime Environment (11.0.10) (build 11.0.10+0-b96-7249189)
# Java VM: OpenJDK 64-Bit Server VM (11.0.10+0-b96-7249189, mixed mode, tiered, compressed oops, g1 gc, windows-amd64)
Heap:
 garbage-first heap   total 270336K, used 184500K [0x0000000080000000, 0x0000000100000000)
  region size 1024K, 20 young (20480K), 5 survivors (5120K)
 Metaspace       used 114326K, capacity 117414K, committed 118144K, reserved 1150976K
  class space    used 14648K, capacity 15822K, committed 16076K, reserved 1048576K
GC Heap History (20 events):
Event: 555.726 GC heap before
{Heap before GC invocations=49 (full 0):
 garbage-first heap   total 270336K, used 200966K [0x0000000080000000, 0x0000000100000000)
  region size 1024K, 91 young (93184K), 14 survivors (14336K)
 Metaspace       used 112600K, capacity 115837K, committed 115968K, reserved 1148928K
  class space    used 14610K, capacity 15883K, committed 15948K, reserved 1048576K
}
Event: 555.751 GC heap after
{Heap after GC invocations=50 (full 0):
 garbage-first heap   total 270336K, used 147104K [0x0000000080000000, 0x0000000100000000)
  region size 1024K, 12 young (12288K), 12 survivors (12288K)
 Metaspace       used 112600K, capacity 115837K, committed 115968K, reserved 1148928K
  class space    used 14610K, capacity 15883K, committed 15948K, reserved 1048576K
}
Event: 556.160 GC heap before
{Heap before GC invocations=50 (full 0):
 garbage-first heap   total 270336K, used 206496K [0x0000000080000000, 0x0000000100000000)
  region size 1024K, 66 young (67584K), 12 survivors (12288K)
 Metaspace       used 112607K, capacity 115901K, committed 115968K, reserved 1148928K
  class space    used 14610K, capacity 15883K, committed 15948K, reserved 1048576K
}
Event: 556.178 GC heap after
{Heap after GC invocations=51 (full 0):
 garbage-first heap   total 270336K, used 163840K [0x0000000080000000, 0x0000000100000000)
  region size 1024K, 9 young (9216K), 9 survivors (9216K)
 Metaspace       used 112607K, capacity 115901K, committed 115968K, reserved 1148928K
  class space    used 14610K, capacity 15883K, committed 15948K, reserved 1048576K
}
Event: 556.334 GC heap before
{Heap before GC invocations=51 (full 0):
 garbage-first heap   total 270336K, used 219136K [0x0000000080000000, 0x0000000100000000)
  region size 1024K, 56 young (57344K), 9 survivors (9216K)
 Metaspace       used 112613K, capacity 115901K, committed 115968K, reserved 1148928K
  class space    used 14610K, capacity 15883K, committed 15948K, reserved 1048576K
}
Event: 556.343 GC heap after
{Heap after GC invocations=52 (full 0):
 garbage-first heap   total 270336K, used 175555K [0x0000000080000000, 0x0000000100000000)
  region size 1024K, 6 young (6144K), 6 survivors (6144K)
 Metaspace       used 112613K, capacity 115901K, committed 115968K, reserved 1148928K
  class space    used 14610K, capacity 15883K, committed 15948K, reserved 1048576K
}
Event: 565.423 GC heap before
{Heap before GC invocations=52 (full 0):
 garbage-first heap   total 270336K, used 217539K [0x0000000080000000, 0x0000000100000000)
  region size 1024K, 48 young (49152K), 6 survivors (6144K)
 Metaspace       used 113251K, capacity 116591K, committed 116864K, reserved 1150976K
  class space    used 14663K, capacity 15962K, committed 16076K, reserved 1048576K
}
Event: 565.441 GC heap after
{Heap after GC invocations=53 (full 0):
 garbage-first heap   total 270336K, used 172988K [0x0000000080000000, 0x0000000100000000)
  region size 1024K, 4 young (4096K), 4 survivors (4096K)
 Metaspace       used 113251K, capacity 116591K, committed 116864K, reserved 1150976K
  class space    used 14663K, capacity 15962K, committed 16076K, reserved 1048576K
}
Event: 566.121 GC heap before
{Heap before GC invocations=54 (full 0):
 garbage-first heap   total 270336K, used 212924K [0x0000000080000000, 0x0000000100000000)
  region size 1024K, 49 young (50176K), 4 survivors (4096K)
 Metaspace       used 113065K, capacity 116044K, committed 117120K, reserved 1150976K
  class space    used 14492K, capacity 15633K, committed 16076K, reserved 1048576K
}
Event: 566.128 GC heap after
{Heap after GC invocations=55 (full 0):
 garbage-first heap   total 270336K, used 167910K [0x0000000080000000, 0x0000000100000000)
  region size 1024K, 7 young (7168K), 7 survivors (7168K)
 Metaspace       used 113065K, capacity 116044K, committed 117120K, reserved 1150976K
  class space    used 14492K, capacity 15633K, committed 16076K, reserved 1048576K
}
Event: 566.139 GC heap before
{Heap before GC invocations=55 (full 0):
 garbage-first heap   total 270336K, used 174054K [0x0000000080000000, 0x0000000100000000)
  region size 1024K, 13 young (13312K), 7 survivors (7168K)
 Metaspace       used 113069K, capacity 116044K, committed 117120K, reserved 1150976K
  class space    used 14492K, capacity 15633K, committed 16076K, reserved 1048576K
}
Event: 566.150 GC heap after
{Heap after GC invocations=56 (full 0):
 garbage-first heap   total 270336K, used 143476K [0x0000000080000000, 0x0000000100000000)
  region size 1024K, 2 young (2048K), 2 survivors (2048K)
 Metaspace       used 113069K, capacity 116044K, committed 117120K, reserved 1150976K
  class space    used 14492K, capacity 15633K, committed 16076K, reserved 1048576K
}
Event: 566.192 GC heap before
{Heap before GC invocations=56 (full 0):
 garbage-first heap   total 270336K, used 154740K [0x0000000080000000, 0x0000000100000000)
  region size 1024K, 13 young (13312K), 2 survivors (2048K)
 Metaspace       used 113081K, capacity 116045K, committed 117120K, reserved 1150976K
  class space    used 14493K, capacity 15633K, committed 16076K, reserved 1048576K
}
Event: 566.213 GC heap after
{Heap after GC invocations=57 (full 0):
 garbage-first heap   total 270336K, used 133131K [0x0000000080000000, 0x0000000100000000)
  region size 1024K, 2 young (2048K), 2 survivors (2048K)
 Metaspace       used 113081K, capacity 116045K, committed 117120K, reserved 1150976K
  class space    used 14493K, capacity 15633K, committed 16076K, reserved 1048576K
}
Event: 566.354 GC heap before
{Heap before GC invocations=57 (full 0):
 garbage-first heap   total 270336K, used 202763K [0x0000000080000000, 0x0000000100000000)
  region size 1024K, 71 young (72704K), 2 survivors (2048K)
 Metaspace       used 113200K, capacity 116256K, committed 117376K, reserved 1150976K
  class space    used 14503K, capacity 15639K, committed 16076K, reserved 1048576K
}
Event: 566.365 GC heap after
{Heap after GC invocations=58 (full 0):
 garbage-first heap   total 270336K, used 145295K [0x0000000080000000, 0x0000000100000000)
  region size 1024K, 9 young (9216K), 9 survivors (9216K)
 Metaspace       used 113200K, capacity 116256K, committed 117376K, reserved 1150976K
  class space    used 14503K, capacity 15639K, committed 16076K, reserved 1048576K
}
Event: 566.544 GC heap before
{Heap before GC invocations=58 (full 0):
 garbage-first heap   total 270336K, used 208783K [0x0000000080000000, 0x0000000100000000)
  region size 1024K, 72 young (73728K), 9 survivors (9216K)
 Metaspace       used 113701K, capacity 116811K, committed 117632K, reserved 1150976K
  class space    used 14586K, capacity 15754K, committed 16076K, reserved 1048576K
}
Event: 566.563 GC heap after
{Heap after GC invocations=59 (full 0):
 garbage-first heap   total 270336K, used 158091K [0x0000000080000000, 0x0000000100000000)
  region size 1024K, 9 young (9216K), 9 survivors (9216K)
 Metaspace       used 113701K, capacity 116811K, committed 117632K, reserved 1150976K
  class space    used 14586K, capacity 15754K, committed 16076K, reserved 1048576K
}
Event: 566.748 GC heap before
{Heap before GC invocations=59 (full 0):
 garbage-first heap   total 270336K, used 212363K [0x0000000080000000, 0x0000000100000000)
  region size 1024K, 63 young (64512K), 9 survivors (9216K)
 Metaspace       used 114203K, capacity 117284K, committed 117888K, reserved 1150976K
  class space    used 14636K, capacity 15803K, committed 16076K, reserved 1048576K
}
Event: 566.758 GC heap after
{Heap after GC invocations=60 (full 0):
 garbage-first heap   total 270336K, used 166273K [0x0000000080000000, 0x0000000100000000)
  region size 1024K, 8 young (8192K), 8 survivors (8192K)
 Metaspace       used 114203K, capacity 117284K, committed 117888K, reserved 1150976K
  class space    used 14636K, capacity 15803K, committed 16076K, reserved 1048576K
}

