# JRE version: OpenJDK Runtime Environment (11.0.10) (build 11.0.10+0-b96-7249189)
# Java VM: OpenJDK 64-Bit Server VM (11.0.10+0-b96-7249189, mixed mode, tiered, compressed oops, g1 gc, windows-amd64)
Heap:
 garbage-first heap   total 591872K, used 147508K [0x0000000080000000, 0x0000000100000000)
  region size 1024K, 12 young (12288K), 12 survivors (12288K)
 Metaspace       used 97600K, capacity 100201K, committed 100556K, reserved 1136640K
  class space    used 12849K, capacity 13871K, committed 14028K, reserved 1048576K
GC Heap History (20 events):
Event: 18.718 GC heap after
{Heap after GC invocations=31 (full 0):
 garbage-first heap   total 155648K, used 75836K [0x0000000080000000, 0x0000000100000000)
  region size 1024K, 7 young (7168K), 7 survivors (7168K)
 Metaspace       used 85508K, capacity 87560K, committed 88012K, reserved 1126400K
  class space    used 11096K, capacity 11862K, committed 11980K, reserved 1048576K
}
Event: 18.855 GC heap before
{Heap before GC invocations=31 (full 0):
 garbage-first heap   total 155648K, used 122940K [0x0000000080000000, 0x0000000100000000)
  region size 1024K, 54 young (55296K), 7 survivors (7168K)
 Metaspace       used 86588K, capacity 88681K, committed 88908K, reserved 1126400K
  class space    used 11240K, capacity 12021K, committed 12108K, reserved 1048576K
}
Event: 18.864 GC heap after
{Heap after GC invocations=32 (full 0):
 garbage-first heap   total 155648K, used 87399K [0x0000000080000000, 0x0000000100000000)
  region size 1024K, 7 young (7168K), 7 survivors (7168K)
 Metaspace       used 86588K, capacity 88681K, committed 88908K, reserved 1126400K
  class space    used 11240K, capacity 12021K, committed 12108K, reserved 1048576K
}
Event: 19.229 GC heap before
{Heap before GC invocations=32 (full 0):
 garbage-first heap   total 155648K, used 123239K [0x0000000080000000, 0x0000000100000000)
  region size 1024K, 43 young (44032K), 7 survivors (7168K)
 Metaspace       used 89464K, capacity 91763K, committed 91980K, reserved 1128448K
  class space    used 11704K, capacity 12583K, committed 12620K, reserved 1048576K
}
Event: 19.247 GC heap after
{Heap after GC invocations=33 (full 0):
 garbage-first heap   total 187392K, used 91057K [0x0000000080000000, 0x0000000100000000)
  region size 1024K, 6 young (6144K), 6 survivors (6144K)
 Metaspace       used 89464K, capacity 91763K, committed 91980K, reserved 1128448K
  class space    used 11704K, capacity 12583K, committed 12620K, reserved 1048576K
}
Event: 19.600 GC heap before
{Heap before GC invocations=34 (full 0):
 garbage-first heap   total 187392K, used 140209K [0x0000000080000000, 0x0000000100000000)
  region size 1024K, 55 young (56320K), 6 survivors (6144K)
 Metaspace       used 90430K, capacity 92812K, committed 93004K, reserved 1130496K
  class space    used 11837K, capacity 12739K, committed 12876K, reserved 1048576K
}
Event: 19.624 GC heap after
{Heap after GC invocations=35 (full 0):
 garbage-first heap   total 187392K, used 103234K [0x0000000080000000, 0x0000000100000000)
  region size 1024K, 7 young (7168K), 7 survivors (7168K)
 Metaspace       used 90430K, capacity 92812K, committed 93004K, reserved 1130496K
  class space    used 11837K, capacity 12739K, committed 12876K, reserved 1048576K
}
Event: 19.976 GC heap before
{Heap before GC invocations=35 (full 0):
 garbage-first heap   total 187392K, used 144194K [0x0000000080000000, 0x0000000100000000)
  region size 1024K, 48 young (49152K), 7 survivors (7168K)
 Metaspace       used 93083K, capacity 95649K, committed 95820K, reserved 1132544K
  class space    used 12297K, capacity 13309K, committed 13388K, reserved 1048576K
}
Event: 20.004 GC heap after
{Heap after GC invocations=36 (full 0):
 garbage-first heap   total 187392K, used 111476K [0x0000000080000000, 0x0000000100000000)
  region size 1024K, 6 young (6144K), 6 survivors (6144K)
 Metaspace       used 93083K, capacity 95649K, committed 95820K, reserved 1132544K
  class space    used 12297K, capacity 13309K, committed 13388K, reserved 1048576K
}
Event: 20.352 GC heap before
{Heap before GC invocations=37 (full 0):
 garbage-first heap   total 187392K, used 148340K [0x0000000080000000, 0x0000000100000000)
  region size 1024K, 43 young (44032K), 6 survivors (6144K)
 Metaspace       used 94784K, capacity 97241K, committed 97996K, reserved 1134592K
  class space    used 12532K, capacity 13475K, committed 13772K, reserved 1048576K
}
Event: 20.376 GC heap after
{Heap after GC invocations=38 (full 0):
 garbage-first heap   total 187392K, used 119202K [0x0000000080000000, 0x0000000100000000)
  region size 1024K, 6 young (6144K), 6 survivors (6144K)
 Metaspace       used 94784K, capacity 97241K, committed 97996K, reserved 1134592K
  class space    used 12532K, capacity 13475K, committed 13772K, reserved 1048576K
}
Event: 20.515 GC heap before
{Heap before GC invocations=38 (full 0):
 garbage-first heap   total 187392K, used 151970K [0x0000000080000000, 0x0000000100000000)
  region size 1024K, 38 young (38912K), 6 survivors (6144K)
 Metaspace       used 95141K, capacity 97587K, committed 98252K, reserved 1134592K
  class space    used 12562K, capacity 13523K, committed 13772K, reserved 1048576K
}
Event: 20.542 GC heap after
{Heap after GC invocations=39 (full 0):
 garbage-first heap   total 357376K, used 124825K [0x0000000080000000, 0x0000000100000000)
  region size 1024K, 5 young (5120K), 5 survivors (5120K)
 Metaspace       used 95141K, capacity 97587K, committed 98252K, reserved 1134592K
  class space    used 12562K, capacity 13523K, committed 13772K, reserved 1048576K
}
Event: 21.079 GC heap before
{Heap before GC invocations=40 (full 0):
 garbage-first heap   total 357376K, used 208793K [0x0000000080000000, 0x0000000100000000)
  region size 1024K, 88 young (90112K), 5 survivors (5120K)
 Metaspace       used 96632K, capacity 99088K, committed 99660K, reserved 1134592K
  class space    used 12727K, capacity 13670K, committed 13900K, reserved 1048576K
}
Event: 21.101 GC heap after
{Heap after GC invocations=41 (full 0):
 garbage-first heap   total 357376K, used 130909K [0x0000000080000000, 0x0000000100000000)
  region size 1024K, 11 young (11264K), 11 survivors (11264K)
 Metaspace       used 96632K, capacity 99088K, committed 99660K, reserved 1134592K
  class space    used 12727K, capacity 13670K, committed 13900K, reserved 1048576K
}
Event: 21.486 GC heap before
{Heap before GC invocations=41 (full 0):
 garbage-first heap   total 357376K, used 223069K [0x0000000080000000, 0x0000000100000000)
  region size 1024K, 102 young (104448K), 11 survivors (11264K)
 Metaspace       used 97385K, capacity 99899K, committed 100300K, reserved 1136640K
  class space    used 12817K, capacity 13813K, committed 14028K, reserved 1048576K
}
Event: 21.508 GC heap after
{Heap after GC invocations=42 (full 0):
 garbage-first heap   total 357376K, used 137328K [0x0000000080000000, 0x0000000100000000)
  region size 1024K, 7 young (7168K), 7 survivors (7168K)
 Metaspace       used 97385K, capacity 99899K, committed 100300K, reserved 1136640K
  class space    used 12817K, capacity 13813K, committed 14028K, reserved 1048576K
}
Event: 21.844 GC heap before
{Heap before GC invocations=42 (full 0):
 garbage-first heap   total 357376K, used 238704K [0x0000000080000000, 0x0000000100000000)
  region size 1024K, 107 young (109568K), 7 survivors (7168K)
 Metaspace       used 97566K, capacity 100161K, committed 100556K, reserved 1136640K
  class space    used 12840K, capacity 13856K, committed 14028K, reserved 1048576K
}
Event: 21.869 GC heap after
{Heap after GC invocations=43 (full 0):
 garbage-first heap   total 357376K, used 142999K [0x0000000080000000, 0x0000000100000000)
  region size 1024K, 13 young (13312K), 13 survivors (13312K)
 Metaspace       used 97566K, capacity 100161K, committed 100556K, reserved 1136640K
  class space    used 12840K, capacity 13856K, committed 14028K, reserved 1048576K
}
Event: 22.245 GC heap before
{Heap before GC invocations=43 (full 0):
 garbage-first heap   total 357376K, used 250519K [0x0000000080000000, 0x0000000100000000)
  region size 1024K, 119 young (121856K), 13 survivors (13312K)
 Metaspace       used 97600K, capacity 100201K, committed 100556K, reserved 1136640K
  class space    used 12849K, capacity 13871K, committed 14028K, reserved 1048576K
}

