# JRE version: OpenJDK Runtime Environment (11.0.10) (build 11.0.10+0-b96-7249189)
# Java VM: OpenJDK 64-Bit Server VM (11.0.10+0-b96-7249189, mixed mode, tiered, compressed oops, g1 gc, windows-amd64)
Heap:
 garbage-first heap   total 356352K, used 148114K [0x0000000080000000, 0x0000000100000000)
  region size 1024K, 1 young (1024K), 1 survivors (1024K)
 Metaspace       used 102018K, capacity 104649K, committed 106700K, reserved 1140736K
  class space    used 13107K, capacity 14136K, committed 15052K, reserved 1048576K
GC Heap History (20 events):
Event: 23.717 GC heap after
{Heap after GC invocations=38 (full 0):
 garbage-first heap   total 187392K, used 128535K [0x0000000080000000, 0x0000000100000000)
  region size 1024K, 7 young (7168K), 7 survivors (7168K)
 Metaspace       used 101728K, capacity 104441K, committed 106444K, reserved 1140736K
  class space    used 13129K, capacity 14185K, committed 15052K, reserved 1048576K
}
Event: 24.002 GC heap before
{Heap before GC invocations=38 (full 0):
 garbage-first heap   total 187392K, used 150039K [0x0000000080000000, 0x0000000100000000)
  region size 1024K, 29 young (29696K), 7 survivors (7168K)
 Metaspace       used 101782K, capacity 104432K, committed 106444K, reserved 1140736K
  class space    used 13103K, capacity 14137K, committed 15052K, reserved 1048576K
}
Event: 24.026 GC heap after
{Heap after GC invocations=39 (full 0):
 garbage-first heap   total 246784K, used 134939K [0x0000000080000000, 0x0000000100000000)
  region size 1024K, 4 young (4096K), 4 survivors (4096K)
 Metaspace       used 101782K, capacity 104432K, committed 106444K, reserved 1140736K
  class space    used 13103K, capacity 14137K, committed 15052K, reserved 1048576K
}
Event: 24.368 GC heap before
{Heap before GC invocations=40 (full 0):
 garbage-first heap   total 246784K, used 185115K [0x0000000080000000, 0x0000000100000000)
  region size 1024K, 52 young (53248K), 4 survivors (4096K)
 Metaspace       used 101920K, capacity 104575K, committed 106700K, reserved 1140736K
  class space    used 13107K, capacity 14137K, committed 15052K, reserved 1048576K
}
Event: 24.386 GC heap after
{Heap after GC invocations=41 (full 0):
 garbage-first heap   total 246784K, used 142148K [0x0000000080000000, 0x0000000100000000)
  region size 1024K, 5 young (5120K), 5 survivors (5120K)
 Metaspace       used 101920K, capacity 104575K, committed 106700K, reserved 1140736K
  class space    used 13107K, capacity 14137K, committed 15052K, reserved 1048576K
}
Event: 24.429 GC heap before
{Heap before GC invocations=41 (full 0):
 garbage-first heap   total 246784K, used 148292K [0x0000000080000000, 0x0000000100000000)
  region size 1024K, 12 young (12288K), 5 survivors (5120K)
 Metaspace       used 101934K, capacity 104575K, committed 106700K, reserved 1140736K
  class space    used 13107K, capacity 14137K, committed 15052K, reserved 1048576K
}
Event: 24.440 GC heap after
{Heap after GC invocations=42 (full 0):
 garbage-first heap   total 246784K, used 141998K [0x0000000080000000, 0x0000000100000000)
  region size 1024K, 2 young (2048K), 2 survivors (2048K)
 Metaspace       used 101934K, capacity 104575K, committed 106700K, reserved 1140736K
  class space    used 13107K, capacity 14137K, committed 15052K, reserved 1048576K
}
Event: 24.468 GC heap before
{Heap before GC invocations=42 (full 0):
 garbage-first heap   total 246784K, used 148142K [0x0000000080000000, 0x0000000100000000)
  region size 1024K, 9 young (9216K), 2 survivors (2048K)
 Metaspace       used 101943K, capacity 104576K, committed 106700K, reserved 1140736K
  class space    used 13107K, capacity 14137K, committed 15052K, reserved 1048576K
}
Event: 24.474 GC heap after
{Heap after GC invocations=43 (full 0):
 garbage-first heap   total 246784K, used 141925K [0x0000000080000000, 0x0000000100000000)
  region size 1024K, 2 young (2048K), 2 survivors (2048K)
 Metaspace       used 101943K, capacity 104576K, committed 106700K, reserved 1140736K
  class space    used 13107K, capacity 14137K, committed 15052K, reserved 1048576K
}
Event: 24.788 GC heap before
{Heap before GC invocations=43 (full 0):
 garbage-first heap   total 246784K, used 189029K [0x0000000080000000, 0x0000000100000000)
  region size 1024K, 51 young (52224K), 2 survivors (2048K)
 Metaspace       used 101978K, capacity 104630K, committed 106700K, reserved 1140736K
  class space    used 13104K, capacity 14131K, committed 15052K, reserved 1048576K
}
Event: 24.798 GC heap after
{Heap after GC invocations=44 (full 0):
 garbage-first heap   total 246784K, used 141499K [0x0000000080000000, 0x0000000100000000)
  region size 1024K, 3 young (3072K), 3 survivors (3072K)
 Metaspace       used 101978K, capacity 104630K, committed 106700K, reserved 1140736K
  class space    used 13104K, capacity 14131K, committed 15052K, reserved 1048576K
}
Event: 25.155 GC heap before
{Heap before GC invocations=45 (full 0):
 garbage-first heap   total 246784K, used 193723K [0x0000000080000000, 0x0000000100000000)
  region size 1024K, 54 young (55296K), 3 survivors (3072K)
 Metaspace       used 101978K, capacity 104630K, committed 106700K, reserved 1140736K
  class space    used 13104K, capacity 14131K, committed 15052K, reserved 1048576K
}
Event: 25.167 GC heap after
{Heap after GC invocations=46 (full 0):
 garbage-first heap   total 296960K, used 143737K [0x0000000080000000, 0x0000000100000000)
  region size 1024K, 4 young (4096K), 4 survivors (4096K)
 Metaspace       used 101978K, capacity 104630K, committed 106700K, reserved 1140736K
  class space    used 13104K, capacity 14131K, committed 15052K, reserved 1048576K
}
Event: 25.251 GC heap before
{Heap before GC invocations=46 (full 0):
 garbage-first heap   total 296960K, used 153977K [0x0000000080000000, 0x0000000100000000)
  region size 1024K, 14 young (14336K), 4 survivors (4096K)
 Metaspace       used 101980K, capacity 104630K, committed 106700K, reserved 1140736K
  class space    used 13104K, capacity 14131K, committed 15052K, reserved 1048576K
}
Event: 25.263 GC heap after
{Heap after GC invocations=47 (full 0):
 garbage-first heap   total 296960K, used 138428K [0x0000000080000000, 0x0000000100000000)
  region size 1024K, 1 young (1024K), 1 survivors (1024K)
 Metaspace       used 101980K, capacity 104630K, committed 106700K, reserved 1140736K
  class space    used 13104K, capacity 14131K, committed 15052K, reserved 1048576K
}
Event: 25.278 GC heap before
{Heap before GC invocations=47 (full 0):
 garbage-first heap   total 296960K, used 140476K [0x0000000080000000, 0x0000000100000000)
  region size 1024K, 5 young (5120K), 1 survivors (1024K)
 Metaspace       used 101980K, capacity 104630K, committed 106700K, reserved 1140736K
  class space    used 13104K, capacity 14131K, committed 15052K, reserved 1048576K
}
Event: 25.286 GC heap after
{Heap after GC invocations=48 (full 0):
 garbage-first heap   total 296960K, used 138734K [0x0000000080000000, 0x0000000100000000)
  region size 1024K, 1 young (1024K), 1 survivors (1024K)
 Metaspace       used 101980K, capacity 104630K, committed 106700K, reserved 1140736K
  class space    used 13104K, capacity 14131K, committed 15052K, reserved 1048576K
}
Event: 25.725 GC heap before
{Heap before GC invocations=49 (full 0):
 garbage-first heap   total 296960K, used 217582K [0x0000000080000000, 0x0000000100000000)
  region size 1024K, 77 young (78848K), 1 survivors (1024K)
 Metaspace       used 102018K, capacity 104649K, committed 106700K, reserved 1140736K
  class space    used 13107K, capacity 14136K, committed 15052K, reserved 1048576K
}
Event: 25.732 GC heap after
{Heap after GC invocations=50 (full 0):
 garbage-first heap   total 296960K, used 148054K [0x0000000080000000, 0x0000000100000000)
  region size 1024K, 8 young (8192K), 8 survivors (8192K)
 Metaspace       used 102018K, capacity 104649K, committed 106700K, reserved 1140736K
  class space    used 13107K, capacity 14136K, committed 15052K, reserved 1048576K
}
Event: 25.745 GC heap before
{Heap before GC invocations=50 (full 0):
 garbage-first heap   total 296960K, used 154198K [0x0000000080000000, 0x0000000100000000)
  region size 1024K, 14 young (14336K), 8 survivors (8192K)
 Metaspace       used 102018K, capacity 104649K, committed 106700K, reserved 1140736K
  class space    used 13107K, capacity 14136K, committed 15052K, reserved 1048576K
}

