# JRE version: OpenJDK Runtime Environment (11.0.10) (build 11.0.10+0-b96-7249189)
# Java VM: OpenJDK 64-Bit Server VM (11.0.10+0-b96-7249189, mixed mode, tiered, compressed oops, g1 gc, windows-amd64)
Heap:
 garbage-first heap   total 360448K, used 132671K [0x0000000080000000, 0x0000000100000000)
  region size 1024K, 4 young (4096K), 4 survivors (4096K)
 Metaspace       used 93847K, capacity 96250K, committed 96512K, reserved 1132544K
  class space    used 12389K, capacity 13296K, committed 13388K, reserved 1048576K
GC Heap History (20 events):
Event: 20.231 GC heap after
{Heap after GC invocations=26 (full 0):
 garbage-first heap   total 129024K, used 74429K [0x0000000080000000, 0x0000000100000000)
  region size 1024K, 4 young (4096K), 4 survivors (4096K)
 Metaspace       used 84088K, capacity 86112K, committed 86528K, reserved 1124352K
  class space    used 10919K, capacity 11661K, committed 11852K, reserved 1048576K
}
Event: 20.344 GC heap before
{Heap before GC invocations=26 (full 0):
 garbage-first heap   total 129024K, used 100029K [0x0000000080000000, 0x0000000100000000)
  region size 1024K, 30 young (30720K), 4 survivors (4096K)
 Metaspace       used 84612K, capacity 86626K, committed 87040K, reserved 1124352K
  class space    used 11005K, capacity 11747K, committed 11852K, reserved 1048576K
}
Event: 20.357 GC heap after
{Heap after GC invocations=27 (full 0):
 garbage-first heap   total 155648K, used 79705K [0x0000000080000000, 0x0000000100000000)
  region size 1024K, 4 young (4096K), 4 survivors (4096K)
 Metaspace       used 84612K, capacity 86626K, committed 87040K, reserved 1124352K
  class space    used 11005K, capacity 11747K, committed 11852K, reserved 1048576K
}
Event: 20.528 GC heap before
{Heap before GC invocations=27 (full 0):
 garbage-first heap   total 155648K, used 111449K [0x0000000080000000, 0x0000000100000000)
  region size 1024K, 36 young (36864K), 4 survivors (4096K)
 Metaspace       used 85171K, capacity 87212K, committed 87680K, reserved 1124352K
  class space    used 11062K, capacity 11813K, committed 11980K, reserved 1048576K
}
Event: 20.534 GC heap after
{Heap after GC invocations=28 (full 0):
 garbage-first heap   total 155648K, used 88380K [0x0000000080000000, 0x0000000100000000)
  region size 1024K, 5 young (5120K), 5 survivors (5120K)
 Metaspace       used 85171K, capacity 87212K, committed 87680K, reserved 1124352K
  class space    used 11062K, capacity 11813K, committed 11980K, reserved 1048576K
}
Event: 20.871 GC heap before
{Heap before GC invocations=29 (full 0):
 garbage-first heap   total 155648K, used 117052K [0x0000000080000000, 0x0000000100000000)
  region size 1024K, 34 young (34816K), 5 survivors (5120K)
 Metaspace       used 87564K, capacity 89805K, committed 90112K, reserved 1126400K
  class space    used 11443K, capacity 12275K, committed 12364K, reserved 1048576K
}
Event: 20.882 GC heap after
{Heap after GC invocations=30 (full 0):
 garbage-first heap   total 155648K, used 91136K [0x0000000080000000, 0x0000000100000000)
  region size 1024K, 5 young (5120K), 5 survivors (5120K)
 Metaspace       used 87564K, capacity 89805K, committed 90112K, reserved 1126400K
  class space    used 11443K, capacity 12275K, committed 12364K, reserved 1048576K
}
Event: 21.044 GC heap before
{Heap before GC invocations=30 (full 0):
 garbage-first heap   total 155648K, used 118784K [0x0000000080000000, 0x0000000100000000)
  region size 1024K, 33 young (33792K), 5 survivors (5120K)
 Metaspace       used 88151K, capacity 90387K, committed 90624K, reserved 1128448K
  class space    used 11522K, capacity 12360K, committed 12364K, reserved 1048576K
}
Event: 21.065 GC heap after
{Heap after GC invocations=31 (full 0):
 garbage-first heap   total 155648K, used 98380K [0x0000000080000000, 0x0000000100000000)
  region size 1024K, 5 young (5120K), 5 survivors (5120K)
 Metaspace       used 88151K, capacity 90387K, committed 90624K, reserved 1128448K
  class space    used 11522K, capacity 12360K, committed 12364K, reserved 1048576K
}
Event: 21.204 GC heap before
{Heap before GC invocations=31 (full 0):
 garbage-first heap   total 155648K, used 120908K [0x0000000080000000, 0x0000000100000000)
  region size 1024K, 28 young (28672K), 5 survivors (5120K)
 Metaspace       used 88548K, capacity 90888K, committed 91008K, reserved 1128448K
  class space    used 11586K, capacity 12463K, committed 12492K, reserved 1048576K
}
Event: 21.221 GC heap after
{Heap after GC invocations=32 (full 0):
 garbage-first heap   total 155648K, used 105414K [0x0000000080000000, 0x0000000100000000)
  region size 1024K, 4 young (4096K), 4 survivors (4096K)
 Metaspace       used 88548K, capacity 90888K, committed 91008K, reserved 1128448K
  class space    used 11586K, capacity 12463K, committed 12492K, reserved 1048576K
}
Event: 21.397 GC heap before
{Heap before GC invocations=33 (full 0):
 garbage-first heap   total 155648K, used 124870K [0x0000000080000000, 0x0000000100000000)
  region size 1024K, 24 young (24576K), 4 survivors (4096K)
 Metaspace       used 89190K, capacity 91489K, committed 91648K, reserved 1128448K
  class space    used 11667K, capacity 12512K, committed 12620K, reserved 1048576K
}
Event: 21.419 GC heap after
{Heap after GC invocations=34 (full 0):
 garbage-first heap   total 198656K, used 110592K [0x0000000080000000, 0x0000000100000000)
  region size 1024K, 3 young (3072K), 3 survivors (3072K)
 Metaspace       used 89190K, capacity 91489K, committed 91648K, reserved 1128448K
  class space    used 11667K, capacity 12512K, committed 12620K, reserved 1048576K
}
Event: 21.622 GC heap before
{Heap before GC invocations=34 (full 0):
 garbage-first heap   total 198656K, used 142336K [0x0000000080000000, 0x0000000100000000)
  region size 1024K, 35 young (35840K), 3 survivors (3072K)
 Metaspace       used 90180K, capacity 92497K, committed 92800K, reserved 1130496K
  class space    used 11779K, capacity 12658K, committed 12748K, reserved 1048576K
}
Event: 21.639 GC heap after
{Heap after GC invocations=35 (full 0):
 garbage-first heap   total 198656K, used 117743K [0x0000000080000000, 0x0000000100000000)
  region size 1024K, 5 young (5120K), 5 survivors (5120K)
 Metaspace       used 90180K, capacity 92497K, committed 92800K, reserved 1130496K
  class space    used 11779K, capacity 12658K, committed 12748K, reserved 1048576K
}
Event: 21.815 GC heap before
{Heap before GC invocations=35 (full 0):
 garbage-first heap   total 198656K, used 148463K [0x0000000080000000, 0x0000000100000000)
  region size 1024K, 36 young (36864K), 5 survivors (5120K)
 Metaspace       used 90897K, capacity 93343K, committed 93440K, reserved 1130496K
  class space    used 11927K, capacity 12867K, committed 12876K, reserved 1048576K
}
Event: 21.835 GC heap after
{Heap after GC invocations=36 (full 0):
 garbage-first heap   total 198656K, used 124258K [0x0000000080000000, 0x0000000100000000)
  region size 1024K, 5 young (5120K), 5 survivors (5120K)
 Metaspace       used 90897K, capacity 93343K, committed 93440K, reserved 1130496K
  class space    used 11927K, capacity 12867K, committed 12876K, reserved 1048576K
}
Event: 22.188 GC heap before
{Heap before GC invocations=37 (full 0):
 garbage-first heap   total 198656K, used 153954K [0x0000000080000000, 0x0000000100000000)
  region size 1024K, 34 young (34816K), 5 survivors (5120K)
 Metaspace       used 92918K, capacity 95273K, committed 95616K, reserved 1132544K
  class space    used 12245K, capacity 13148K, committed 13260K, reserved 1048576K
}
Event: 22.205 GC heap after
{Heap after GC invocations=38 (full 0):
 garbage-first heap   total 198656K, used 129068K [0x0000000080000000, 0x0000000100000000)
  region size 1024K, 5 young (5120K), 5 survivors (5120K)
 Metaspace       used 92918K, capacity 95273K, committed 95616K, reserved 1132544K
  class space    used 12245K, capacity 13148K, committed 13260K, reserved 1048576K
}
Event: 22.546 GC heap before
{Heap before GC invocations=38 (full 0):
 garbage-first heap   total 198656K, used 156716K [0x0000000080000000, 0x0000000100000000)
  region size 1024K, 33 young (33792K), 5 survivors (5120K)
 Metaspace       used 93847K, capacity 96250K, committed 96512K, reserved 1132544K
  class space    used 12389K, capacity 13296K, committed 13388K, reserved 1048576K
}

