# JRE version: OpenJDK Runtime Environment (11.0.10) (build 11.0.10+0-b96-7249189)
# Java VM: OpenJDK 64-Bit Server VM (11.0.10+0-b96-7249189, mixed mode, tiered, compressed oops, g1 gc, windows-amd64)
Heap:
 garbage-first heap   total 365568K, used 140515K [0x0000000080000000, 0x0000000100000000)
  region size 1024K, 6 young (6144K), 6 survivors (6144K)
 Metaspace       used 95648K, capacity 98067K, committed 98688K, reserved 1134592K
  class space    used 12551K, capacity 13460K, committed 13772K, reserved 1048576K
GC Heap History (20 events):
Event: 19.384 GC heap after
{Heap after GC invocations=26 (full 0):
 garbage-first heap   total 155648K, used 89578K [0x0000000080000000, 0x0000000100000000)
  region size 1024K, 7 young (7168K), 7 survivors (7168K)
 Metaspace       used 85189K, capacity 87256K, committed 87680K, reserved 1124352K
  class space    used 11074K, capacity 11830K, committed 11980K, reserved 1048576K
}
Event: 19.795 GC heap before
{Heap before GC invocations=27 (full 0):
 garbage-first heap   total 155648K, used 122346K [0x0000000080000000, 0x0000000100000000)
  region size 1024K, 40 young (40960K), 7 survivors (7168K)
 Metaspace       used 87893K, capacity 90157K, committed 90368K, reserved 1128448K
  class space    used 11513K, capacity 12351K, committed 12364K, reserved 1048576K
}
Event: 19.805 GC heap after
{Heap after GC invocations=28 (full 0):
 garbage-first heap   total 187392K, used 93406K [0x0000000080000000, 0x0000000100000000)
  region size 1024K, 5 young (5120K), 5 survivors (5120K)
 Metaspace       used 87893K, capacity 90157K, committed 90368K, reserved 1128448K
  class space    used 11513K, capacity 12351K, committed 12364K, reserved 1048576K
}
Event: 20.000 GC heap before
{Heap before GC invocations=28 (full 0):
 garbage-first heap   total 187392K, used 140510K [0x0000000080000000, 0x0000000100000000)
  region size 1024K, 52 young (53248K), 5 survivors (5120K)
 Metaspace       used 88218K, capacity 90550K, committed 90752K, reserved 1128448K
  class space    used 11560K, capacity 12420K, committed 12492K, reserved 1048576K
}
Event: 20.027 GC heap after
{Heap after GC invocations=29 (full 0):
 garbage-first heap   total 187392K, used 106377K [0x0000000080000000, 0x0000000100000000)
  region size 1024K, 7 young (7168K), 7 survivors (7168K)
 Metaspace       used 88218K, capacity 90550K, committed 90752K, reserved 1128448K
  class space    used 11560K, capacity 12420K, committed 12492K, reserved 1048576K
}
Event: 20.401 GC heap before
{Heap before GC invocations=30 (full 0):
 garbage-first heap   total 187392K, used 144265K [0x0000000080000000, 0x0000000100000000)
  region size 1024K, 45 young (46080K), 7 survivors (7168K)
 Metaspace       used 90348K, capacity 92780K, committed 92928K, reserved 1130496K
  class space    used 11883K, capacity 12845K, committed 12876K, reserved 1048576K
}
Event: 20.434 GC heap after
{Heap after GC invocations=31 (full 0):
 garbage-first heap   total 187392K, used 114334K [0x0000000080000000, 0x0000000100000000)
  region size 1024K, 6 young (6144K), 6 survivors (6144K)
 Metaspace       used 90348K, capacity 92780K, committed 92928K, reserved 1130496K
  class space    used 11883K, capacity 12845K, committed 12876K, reserved 1048576K
}
Event: 20.589 GC heap before
{Heap before GC invocations=31 (full 0):
 garbage-first heap   total 187392K, used 149150K [0x0000000080000000, 0x0000000100000000)
  region size 1024K, 40 young (40960K), 6 survivors (6144K)
 Metaspace       used 91354K, capacity 93830K, committed 93952K, reserved 1130496K
  class space    used 12071K, capacity 13048K, committed 13132K, reserved 1048576K
}
Event: 20.609 GC heap after
{Heap after GC invocations=32 (full 0):
 garbage-first heap   total 187392K, used 122064K [0x0000000080000000, 0x0000000100000000)
  region size 1024K, 5 young (5120K), 5 survivors (5120K)
 Metaspace       used 91354K, capacity 93830K, committed 93952K, reserved 1130496K
  class space    used 12071K, capacity 13048K, committed 13132K, reserved 1048576K
}
Event: 20.894 GC heap before
{Heap before GC invocations=32 (full 0):
 garbage-first heap   total 187392K, used 151760K [0x0000000080000000, 0x0000000100000000)
  region size 1024K, 34 young (34816K), 5 survivors (5120K)
 Metaspace       used 93046K, capacity 95564K, committed 96128K, reserved 1132544K
  class space    used 12326K, capacity 13287K, committed 13516K, reserved 1048576K
}
Event: 20.911 GC heap after
{Heap after GC invocations=33 (full 0):
 garbage-first heap   total 187392K, used 126998K [0x0000000080000000, 0x0000000100000000)
  region size 1024K, 5 young (5120K), 5 survivors (5120K)
 Metaspace       used 93046K, capacity 95564K, committed 96128K, reserved 1132544K
  class space    used 12326K, capacity 13287K, committed 13516K, reserved 1048576K
}
Event: 21.114 GC heap before
{Heap before GC invocations=34 (full 0):
 garbage-first heap   total 187392K, used 154646K [0x0000000080000000, 0x0000000100000000)
  region size 1024K, 32 young (32768K), 5 survivors (5120K)
 Metaspace       used 93670K, capacity 96178K, committed 96768K, reserved 1132544K
  class space    used 12429K, capacity 13403K, committed 13644K, reserved 1048576K
}
Event: 21.132 GC heap after
{Heap after GC invocations=35 (full 0):
 garbage-first heap   total 259072K, used 130903K [0x0000000080000000, 0x0000000100000000)
  region size 1024K, 4 young (4096K), 4 survivors (4096K)
 Metaspace       used 93670K, capacity 96178K, committed 96768K, reserved 1132544K
  class space    used 12429K, capacity 13403K, committed 13644K, reserved 1048576K
}
Event: 21.474 GC heap before
{Heap before GC invocations=35 (full 0):
 garbage-first heap   total 259072K, used 188247K [0x0000000080000000, 0x0000000100000000)
  region size 1024K, 60 young (61440K), 4 survivors (4096K)
 Metaspace       used 94354K, capacity 96823K, committed 97280K, reserved 1132544K
  class space    used 12523K, capacity 13481K, committed 13644K, reserved 1048576K
}
Event: 21.492 GC heap after
{Heap after GC invocations=36 (full 0):
 garbage-first heap   total 259072K, used 135629K [0x0000000080000000, 0x0000000100000000)
  region size 1024K, 8 young (8192K), 8 survivors (8192K)
 Metaspace       used 94354K, capacity 96823K, committed 97280K, reserved 1132544K
  class space    used 12523K, capacity 13481K, committed 13644K, reserved 1048576K
}
Event: 22.083 GC heap before
{Heap before GC invocations=37 (full 0):
 garbage-first heap   total 259072K, used 193997K [0x0000000080000000, 0x0000000100000000)
  region size 1024K, 65 young (66560K), 8 survivors (8192K)
 Metaspace       used 94805K, capacity 97203K, committed 98176K, reserved 1134592K
  class space    used 12435K, capacity 13320K, committed 13772K, reserved 1048576K
}
Event: 22.102 GC heap after
{Heap after GC invocations=38 (full 0):
 garbage-first heap   total 259072K, used 137637K [0x0000000080000000, 0x0000000100000000)
  region size 1024K, 3 young (3072K), 3 survivors (3072K)
 Metaspace       used 94805K, capacity 97203K, committed 98176K, reserved 1134592K
  class space    used 12435K, capacity 13320K, committed 13772K, reserved 1048576K
}
Event: 22.362 GC heap before
{Heap before GC invocations=38 (full 0):
 garbage-first heap   total 259072K, used 197029K [0x0000000080000000, 0x0000000100000000)
  region size 1024K, 61 young (62464K), 3 survivors (3072K)
 Metaspace       used 94898K, capacity 97294K, committed 98176K, reserved 1134592K
  class space    used 12449K, capacity 13329K, committed 13772K, reserved 1048576K
}
Event: 22.372 GC heap after
{Heap after GC invocations=39 (full 0):
 garbage-first heap   total 259072K, used 138743K [0x0000000080000000, 0x0000000100000000)
  region size 1024K, 4 young (4096K), 4 survivors (4096K)
 Metaspace       used 94898K, capacity 97294K, committed 98176K, reserved 1134592K
  class space    used 12449K, capacity 13329K, committed 13772K, reserved 1048576K
}
Event: 22.814 GC heap before
{Heap before GC invocations=39 (full 0):
 garbage-first heap   total 259072K, used 200183K [0x0000000080000000, 0x0000000100000000)
  region size 1024K, 66 young (67584K), 4 survivors (4096K)
 Metaspace       used 95648K, capacity 98067K, committed 98688K, reserved 1134592K
  class space    used 12551K, capacity 13460K, committed 13772K, reserved 1048576K
}

